Arguments: 
  C:\Program Files\nodejs\node.exe C:\Users\rootw\AppData\Roaming\npm\node_modules\yarn\bin\yarn.js add umap-js

PATH: 
  C:\ProgramData\Anaconda3;C:\ProgramData\Anaconda3\Library\mingw-w64\bin;C:\ProgramData\Anaconda3\Library\usr\bin;C:\ProgramData\Anaconda3\Library\bin;C:\ProgramData\Anaconda3\Scripts;C:\ProgramData\Anaconda3\bin;C:\ProgramData\Anaconda3\condabin;C:\Python310\Scripts;C:\Python310;C:\Program Files\Oculus\Support\oculus-runtime;C:\Program Files\NVIDIA GPU Computing Toolkit\CUDA\v11.7\bin;C:\Program Files\NVIDIA GPU Computing Toolkit\CUDA\v11.7\libnvvp;C:\Program Files (x86)\VMware\VMware Player\bin;C:\Program Files\Common Files\Oracle\Java\javapath;C:\Program Files (x86)\Common Files\Oracle\Java\javapath;C:\Program Files\Eclipse Adoptium\jdk-17.0.1.12-hotspot\bin;C:\Windows\system32;C:\Windows;C:\Windows\System32\Wbem;C:\Windows\System32\WindowsPowerShell\v1.0;C:\Windows\System32\OpenSSH;C:\Program Files (x86)\NVIDIA Corporation\PhysX\Common;C:\Program Files\NVIDIA Corporation\NVIDIA NvDLISR;C:\Program Files\MATLAB\R2021a\bin;C:\Program Files\Microsoft SQL Server\Client SDK\ODBC\110\Tools\Binn;C:\Program Files (x86)\Microsoft SQL Server\120\Tools\Binn;C:\Program Files\Microsoft SQL Server\120\Tools\Binn;C:\Program Files\Microsoft SQL Server\120\DTS\Binn;C:\Program Files (x86)\Windows Kits\8.1\Windows Performance Toolkit;C:\Program Files\dotnet;C:\Program Files\Git\cmd;C:\ProgramData\chocolatey\bin;C:\Python310;C:\Python310\Scripts;C:\Program Files\PuTTY;C:\Program Files\Memurai;C:\Program Files\NVIDIA Corporation\Nsight Compute 2022.3.0;C:\Program Files\Docker\Docker\resources\bin;C:\Program Files\Microsoft SQL Server\150\Tools\Binn;C:\Program Files\Microsoft SQL Server\Client SDK\ODBC\170\Tools\Binn;C:\WINDOWS\system32;C:\WINDOWS;C:\WINDOWS\System32\Wbem;C:\WINDOWS\System32\WindowsPowerShell\v1.0;C:\WINDOWS\System32\OpenSSH;C:\Program Files\Wolfram Research\WolframScript;C:\msys64\ming32\bin;C:\msys64\ming64\bin;C:\Program Files\nodejs;C:\Users\rootw\.cargo\bin;C:\Users\rootw\scoop\shims;C:\Users\rootw\AppData\Local\Programs\Python\Python310\Scripts;C:\Users\rootw\AppData\Local\Programs\Python\Python310;C:\Users\rootw\AppData\Local\Microsoft\WindowsApps;C:\Users\rootw\AppData\Local\Programs\Microsoft VS Code\bin;C:\Users\rootw\.dotnet\tools;C:\Users\rootw\AppData\Local\GitHubDesktop\bin;C:\intelFPGA_lite\20.1\modelsim_ase\win32aloem;C:\Users\rootw\AppData\Roaming\Python\Python310\Scripts;C:\Program Files\heroku\bin;C:\Users\rootw\Downloads\zlib123dllx64 (1)\dll_x64;C:\Users\rootw\.dotnet\tools;C:\Program Files\Tesseract-OCR;C:\Users\rootw\AppData\Local\Microsoft\WindowsApps;C:\ProgramData\Anaconda3\Library\bin;C:\ProgramData\Anaconda3\Scripts;C:\ProgramData\Anaconda3;C:\msys64\mingw64\bin;C:\msys64\ming32\bin;C:\Users\rootw\AppData\Roaming\npm

Yarn version: 
  1.22.19

Node version: 
  18.16.0

Platform: 
  win32 x64

Trace: 
  Error: EPERM: operation not permitted, unlink 'C:\Users\rootw\Documents\Computer Science\visualizevectors\node_modules\@esbuild\win32-x64\esbuild.exe'

npm manifest: 
  {
  	"name": "visualizevectors",
  	"version": "0.0.1",
  	"private": true,
  	"scripts": {
  		"dev": "vite dev",
  		"build": "vite build",
  		"preview": "vite preview",
  		"check": "svelte-kit sync && svelte-check --tsconfig ./tsconfig.json",
  		"check:watch": "svelte-kit sync && svelte-check --tsconfig ./tsconfig.json --watch",
  		"test:unit": "vitest",
  		"lint": "prettier --plugin-search-dir . --check . && eslint .",
  		"format": "prettier --plugin-search-dir . --write ."
  	},
  	"devDependencies": {
  		"@sveltejs/adapter-auto": "^2.0.0",
  		"@sveltejs/kit": "^1.5.0",
  		"@typescript-eslint/eslint-plugin": "^5.45.0",
  		"@typescript-eslint/parser": "^5.45.0",
  		"autoprefixer": "^10.4.14",
  		"eslint": "^8.28.0",
  		"eslint-config-prettier": "^8.5.0",
  		"eslint-plugin-svelte": "^2.26.0",
  		"postcss": "^8.4.24",
  		"prettier": "^2.8.0",
  		"prettier-plugin-svelte": "^2.8.1",
  		"svelte": "^3.54.0",
  		"svelte-check": "^3.0.1",
  		"tailwindcss": "^3.3.2",
  		"tslib": "^2.4.1",
  		"typescript": "^5.0.0",
  		"vite": "^4.3.0",
  		"vitest": "^0.25.3"
  	},
  	"type": "module",
  	"dependencies": {
  		"yarn": "^1.22.19"
  	}
  }

yarn manifest: 
  No manifest

Lockfile: 
  No lockfile
